<?xml version="1.0" encoding="UTF-8"?>
<!-- Generated by org.testng.reporters.JUnitReportReporter -->
<testsuite hostname="TR-FX78JX3" failures="0" tests="1" name="TestCases.TC004_EditYourAccountInformationTest" time="19.289" errors="0" timestamp="2024-12-24T14:52:34 IST" skipped="0">
  <testcase classname="TestCases.TC004_EditYourAccountInformationTest" name="VerifyEditAccountFunctionalty" time="19.289"/>
</testsuite> <!-- TestCases.TC004_EditYourAccountInformationTest -->
