<?xml version="1.0" encoding="UTF-8"?>
<!-- Generated by org.testng.reporters.JUnitReportReporter -->
<testsuite hostname="TR-FX78JX3" failures="0" tests="1" name="TestCases.TC002_LoginTest" time="1.235" errors="0" timestamp="2024-12-23T20:03:13 IST" skipped="0">
  <testcase classname="TestCases.TC002_LoginTest" name="verify_LOgin" time="1.235"/>
</testsuite> <!-- TestCases.TC002_LoginTest -->
